2025-11-04 09:58:25,763 [Worker-6: Loading available Gradle versions] INFO  o.e.b.c.i.u.g.PublishedGradleVersions - Gradle version information cache is not available. Remote download required.
2025-11-04 10:04:01,810 [Worker-32: Import Getting Started Content] INFO  o.e.m.c.i.l.LifecycleMappingFactory - Using org.eclipse.m2e.jdt.JarLifecycleMapping lifecycle mapping for MavenProject: com.klef:BOOKINGAPI-SPRINGBOOT:0.0.1-SNAPSHOT @ C:\DevOps-PRACTICE\KUBERNETES LAB-14\DEVOPS-FULLSTACK\BACKEND\BOOKINGAPI-SPRINGBOOT\pom.xml.
2025-11-04 10:04:07,952 [Worker-32: Import Getting Started Content] INFO  o.e.m.j.i.AbstractJavaProjectConfigurator - Adding source folder /BOOKINGAPI-SPRINGBOOT/src/main/java
2025-11-04 10:04:07,957 [Worker-32: Import Getting Started Content] INFO  o.e.m.j.i.AbstractJavaProjectConfigurator - Adding resource folder /BOOKINGAPI-SPRINGBOOT/src/main/resources
2025-11-04 10:04:07,971 [Worker-32: Import Getting Started Content] INFO  o.e.m.j.i.AbstractJavaProjectConfigurator - Adding resource folder /BOOKINGAPI-SPRINGBOOT/src/main/resources
2025-11-04 10:04:07,984 [Worker-32: Import Getting Started Content] INFO  o.e.m.j.i.AbstractJavaProjectConfigurator - Adding source folder /BOOKINGAPI-SPRINGBOOT/src/test/java
2025-11-04 10:04:07,988 [Worker-32: Import Getting Started Content] INFO  o.e.m.j.i.AbstractJavaProjectConfigurator - Adding resource folder /BOOKINGAPI-SPRINGBOOT/src/test/resources
2025-11-04 10:04:08,892 [Worker-32: Import Getting Started Content] INFO  o.e.m.c.i.p.ProjectConfigurationManager - Imported and configured 1 project(s) in 10 sec
2025-11-04 10:04:08,899 [Worker-32: Import Getting Started Content] INFO  o.e.m.c.i.p.ProjectConfigurationManager - Update started
2025-11-04 10:04:09,527 [Worker-32: Import Getting Started Content] INFO  o.e.m.c.i.l.LifecycleMappingFactory - Using org.eclipse.m2e.jdt.JarLifecycleMapping lifecycle mapping for MavenProject: com.klef:BOOKINGAPI-SPRINGBOOT:0.0.1-SNAPSHOT @ C:\DevOps-PRACTICE\KUBERNETES LAB-14\DEVOPS-FULLSTACK\BACKEND\BOOKINGAPI-SPRINGBOOT\pom.xml.
2025-11-04 10:04:14,584 [Worker-32: Import Getting Started Content] INFO  o.e.m.j.i.AbstractJavaProjectConfigurator - Adding source folder /BOOKINGAPI-SPRINGBOOT/src/main/java
2025-11-04 10:04:14,584 [Worker-32: Import Getting Started Content] INFO  o.e.m.j.i.AbstractJavaProjectConfigurator - Adding resource folder /BOOKINGAPI-SPRINGBOOT/src/main/resources
2025-11-04 10:04:14,603 [Worker-32: Import Getting Started Content] INFO  o.e.m.j.i.AbstractJavaProjectConfigurator - Adding resource folder /BOOKINGAPI-SPRINGBOOT/src/main/resources
2025-11-04 10:04:14,610 [Worker-32: Import Getting Started Content] INFO  o.e.m.j.i.AbstractJavaProjectConfigurator - Adding source folder /BOOKINGAPI-SPRINGBOOT/src/test/java
2025-11-04 10:04:14,610 [Worker-32: Import Getting Started Content] INFO  o.e.m.j.i.AbstractJavaProjectConfigurator - Adding resource folder /BOOKINGAPI-SPRINGBOOT/src/test/resources
2025-11-04 10:04:16,696 [Worker-32: Import Getting Started Content] INFO  o.e.m.c.i.p.ProjectConfigurationManager - Update completed for 1 poms: local refresh takes 0.00 sec, refresh facades takes 5.00 sec, update config takes 1.00 sec 
2025-11-04 10:04:19,104 [Worker-32: Building] INFO  o.a.m.s.f.DefaultMavenResourcesFiltering - Copying 1 resource from src\main\resources to target\classes
2025-11-04 10:04:19,162 [Worker-32: Building] INFO  o.a.m.s.f.DefaultMavenResourcesFiltering - Copying 0 resource from src\main\resources to target\classes
2025-11-04 10:04:19,185 [Worker-32: Building] INFO  o.a.m.s.f.DefaultMavenResourcesFiltering - skip non existing resourceDirectory C:\DevOps-PRACTICE\KUBERNETES LAB-14\DEVOPS-FULLSTACK\BACKEND\BOOKINGAPI-SPRINGBOOT\src\test\resources
2025-11-04 10:05:41,145 [Worker-31: Building] INFO  o.a.m.s.f.DefaultMavenResourcesFiltering - Copying 1 resource from src\main\resources to target\classes
2025-11-04 10:05:41,168 [Worker-31: Building] INFO  o.a.m.s.f.DefaultMavenResourcesFiltering - Copying 0 resource from src\main\resources to target\classes
2025-11-04 10:05:41,180 [Worker-31: Building] INFO  o.a.m.s.f.DefaultMavenResourcesFiltering - skip non existing resourceDirectory C:\DevOps-PRACTICE\KUBERNETES LAB-14\DEVOPS-FULLSTACK\BACKEND\BOOKINGAPI-SPRINGBOOT\src\test\resources
2025-11-04 10:06:08,764 [Worker-28: Building] INFO  o.a.m.s.f.DefaultMavenResourcesFiltering - Copying 1 resource from src\main\resources to target\classes
2025-11-04 10:06:08,772 [Worker-28: Building] INFO  o.a.m.s.f.DefaultMavenResourcesFiltering - Copying 0 resource from src\main\resources to target\classes
2025-11-04 10:06:08,779 [Worker-28: Building] INFO  o.a.m.s.f.DefaultMavenResourcesFiltering - skip non existing resourceDirectory C:\DevOps-PRACTICE\KUBERNETES LAB-14\DEVOPS-FULLSTACK\BACKEND\BOOKINGAPI-SPRINGBOOT\src\test\resources
2025-11-04 10:06:38,874 [Worker-5: Building] INFO  o.a.m.s.f.DefaultMavenResourcesFiltering - Copying 1 resource from src\main\resources to target\classes
2025-11-04 10:06:38,883 [Worker-5: Building] INFO  o.a.m.s.f.DefaultMavenResourcesFiltering - Copying 0 resource from src\main\resources to target\classes
2025-11-04 10:06:38,891 [Worker-5: Building] INFO  o.a.m.s.f.DefaultMavenResourcesFiltering - skip non existing resourceDirectory C:\DevOps-PRACTICE\KUBERNETES LAB-14\DEVOPS-FULLSTACK\BACKEND\BOOKINGAPI-SPRINGBOOT\src\test\resources
2025-11-04 10:07:10,363 [Worker-5: Building] INFO  o.a.m.s.f.DefaultMavenResourcesFiltering - Copying 1 resource from src\main\resources to target\classes
2025-11-04 10:07:10,372 [Worker-5: Building] INFO  o.a.m.s.f.DefaultMavenResourcesFiltering - Copying 0 resource from src\main\resources to target\classes
2025-11-04 10:07:10,380 [Worker-5: Building] INFO  o.a.m.s.f.DefaultMavenResourcesFiltering - skip non existing resourceDirectory C:\DevOps-PRACTICE\KUBERNETES LAB-14\DEVOPS-FULLSTACK\BACKEND\BOOKINGAPI-SPRINGBOOT\src\test\resources
2025-11-04 10:07:45,938 [Worker-33: Building] INFO  o.a.m.s.f.DefaultMavenResourcesFiltering - Copying 1 resource from src\main\resources to target\classes
2025-11-04 10:07:45,957 [Worker-33: Building] INFO  o.a.m.s.f.DefaultMavenResourcesFiltering - Copying 0 resource from src\main\resources to target\classes
2025-11-04 10:07:45,966 [Worker-33: Building] INFO  o.a.m.s.f.DefaultMavenResourcesFiltering - skip non existing resourceDirectory C:\DevOps-PRACTICE\KUBERNETES LAB-14\DEVOPS-FULLSTACK\BACKEND\BOOKINGAPI-SPRINGBOOT\src\test\resources
2025-11-04 10:08:08,603 [Worker-31: Building] INFO  o.a.m.s.f.DefaultMavenResourcesFiltering - Copying 1 resource from src\main\resources to target\classes
2025-11-04 10:08:08,626 [Worker-31: Building] INFO  o.a.m.s.f.DefaultMavenResourcesFiltering - Copying 0 resource from src\main\resources to target\classes
2025-11-04 10:08:08,635 [Worker-31: Building] INFO  o.a.m.s.f.DefaultMavenResourcesFiltering - skip non existing resourceDirectory C:\DevOps-PRACTICE\KUBERNETES LAB-14\DEVOPS-FULLSTACK\BACKEND\BOOKINGAPI-SPRINGBOOT\src\test\resources
2025-11-04 10:08:28,553 [Worker-28: Building] INFO  o.a.m.s.f.DefaultMavenResourcesFiltering - Copying 1 resource from src\main\resources to target\classes
2025-11-04 10:08:28,572 [Worker-28: Building] INFO  o.a.m.s.f.DefaultMavenResourcesFiltering - Copying 0 resource from src\main\resources to target\classes
2025-11-04 10:08:28,579 [Worker-28: Building] INFO  o.a.m.s.f.DefaultMavenResourcesFiltering - skip non existing resourceDirectory C:\DevOps-PRACTICE\KUBERNETES LAB-14\DEVOPS-FULLSTACK\BACKEND\BOOKINGAPI-SPRINGBOOT\src\test\resources
2025-11-04 10:09:02,185 [Worker-5: Building] INFO  o.a.m.s.f.DefaultMavenResourcesFiltering - Copying 1 resource from src\main\resources to target\classes
2025-11-04 10:09:02,197 [Worker-5: Building] INFO  o.a.m.s.f.DefaultMavenResourcesFiltering - Copying 0 resource from src\main\resources to target\classes
2025-11-04 10:09:02,204 [Worker-5: Building] INFO  o.a.m.s.f.DefaultMavenResourcesFiltering - skip non existing resourceDirectory C:\DevOps-PRACTICE\KUBERNETES LAB-14\DEVOPS-FULLSTACK\BACKEND\BOOKINGAPI-SPRINGBOOT\src\test\resources
2025-11-04 10:09:20,145 [Worker-32: Building] INFO  o.a.m.s.f.DefaultMavenResourcesFiltering - Copying 1 resource from src\main\resources to target\classes
2025-11-04 10:09:20,154 [Worker-32: Building] INFO  o.a.m.s.f.DefaultMavenResourcesFiltering - Copying 0 resource from src\main\resources to target\classes
2025-11-04 10:09:20,161 [Worker-32: Building] INFO  o.a.m.s.f.DefaultMavenResourcesFiltering - skip non existing resourceDirectory C:\DevOps-PRACTICE\KUBERNETES LAB-14\DEVOPS-FULLSTACK\BACKEND\BOOKINGAPI-SPRINGBOOT\src\test\resources
2025-11-04 10:09:25,869 [Worker-30: Building] INFO  o.a.m.s.f.DefaultMavenResourcesFiltering - Copying 1 resource from src\main\resources to target\classes
2025-11-04 10:09:25,878 [Worker-30: Building] INFO  o.a.m.s.f.DefaultMavenResourcesFiltering - Copying 0 resource from src\main\resources to target\classes
2025-11-04 10:09:25,884 [Worker-30: Building] INFO  o.a.m.s.f.DefaultMavenResourcesFiltering - skip non existing resourceDirectory C:\DevOps-PRACTICE\KUBERNETES LAB-14\DEVOPS-FULLSTACK\BACKEND\BOOKINGAPI-SPRINGBOOT\src\test\resources
